D:\PROG\BEVGRAF_VS\RELEASE\HELLOOPENGL.OBJ
D:\PROG\BEVGRAF_VS\RELEASE\VC110.PDB
D:\PROG\BEVGRAF_VS\RELEASE\BEVGRAF_VS.EXE
D:\PROG\BEVGRAF_VS\RELEASE\BEVGRAF_VS.PDB
D:\PROG\Bevgraf_VS\Release\HelloOpenGL.obj
D:\PROG\Bevgraf_VS\Release\cl.command.1.tlog
D:\PROG\Bevgraf_VS\Release\CL.read.1.tlog
D:\PROG\Bevgraf_VS\Release\CL.write.1.tlog
D:\PROG\Bevgraf_VS\Release\link-cvtres.read.1.tlog
D:\PROG\Bevgraf_VS\Release\link-cvtres.write.1.tlog
D:\PROG\Bevgraf_VS\Release\link-rc.read.1.tlog
D:\PROG\Bevgraf_VS\Release\link-rc.write.1.tlog
D:\PROG\Bevgraf_VS\Release\link.command.1.tlog
D:\PROG\Bevgraf_VS\Release\link.read.1.tlog
D:\PROG\Bevgraf_VS\Release\link.write.1.tlog
D:\PROG\Bevgraf_VS\Release\mt.command.1.tlog
D:\PROG\Bevgraf_VS\Release\mt.read.1.tlog
D:\PROG\Bevgraf_VS\Release\mt.write.1.tlog
D:\PROG\Bevgraf_VS\Release\Bevgraf_VS.exe.intermediate.manifest
D:\PROG\Bevgraf_VS\Release\Bevgraf_VS.pdb
D:\PROG\Bevgraf_VS\Release\vc100.pdb
D:\PROG\Bevgraf_VS\Release\vc110.pdb
D:\PROG\Bevgraf_VS\Release\Bevgraf_VS.exe
